Notificación de nueva reserva para: Reserva de Mantenimiento, Mantenimiento (8a2ec3e0-4876-4446-b2a6-58643ccd803a) - man -
Enviando mensaje de Telegram: Se ha creado una nueva reserva:
ID: 8a2ec3e0-4876-4446-b2a6-58643ccd803a
Cliente: Mantenimiento Mantenimiento
Fecha de check-in: 2024-08-14
Propiedad: CA1
Invitados: 0
Notificación de nueva reserva para: Reserva de Mantenimiento, Mantenimiento (b5ec52b2-88c2-4727-93d3-879a06eeec70) - man -
Enviando mensaje de Telegram: Se ha creado una nueva reserva:
ID: b5ec52b2-88c2-4727-93d3-879a06eeec70
Cliente: Mantenimiento Mantenimiento
Fecha de check-in: 2024-10-16
Propiedad: CA1
Invitados: 0
Preparando para enviar mensaje: Se ha creado una nueva reserva:
ID: b5ec52b2-88c2-4727-93d3-879a06eeec70
Cliente: Mantenimiento Mantenimiento
Fecha de check-in: 2024-10-16
Propiedad: CA1
Invitados: 0
Mensaje enviado a través del executor.
Enviando mensaje asincrónicamente a Telegram.
